0 info it worked if it ends with ok
1 verbose cli [ 'c:\\Program Files\\nodejs\\node.exe',
1 verbose cli   'c:\\Program Files\\nodejs\\node_modules\\npm\\bin\\npm-cli.js',
1 verbose cli   'version',
1 verbose cli   '1.4.0' ]
2 info using npm@2.11.3
3 info using node@v0.12.7
4 info preversion ng-console@1.4.0
5 info git [ 'status', '--porcelain' ]
6 verbose stack Error: Error: Git working directory not clean.
6 verbose stack M build/ngConsole.js
6 verbose stack M demo/index.html
6 verbose stack M demo/js/app.js
6 verbose stack M demo/js/ngConsole.js
6 verbose stack M src/js/app.js
6 verbose stack M src/js/ngConsole.js
6 verbose stack     at c:\Program Files\nodejs\node_modules\npm\lib\version.js:71:23
6 verbose stack     at c:\Program Files\nodejs\node_modules\npm\lib\version.js:151:34
6 verbose stack     at ChildProcess.exithandler (child_process.js:742:7)
6 verbose stack     at ChildProcess.emit (events.js:110:17)
6 verbose stack     at maybeClose (child_process.js:1015:16)
6 verbose stack     at Process.ChildProcess._handle.onexit (child_process.js:1087:5)
7 verbose cwd d:\Dev\wamp\www\ngConsole
8 error Windows_NT 6.3.9600
9 error argv "c:\\Program Files\\nodejs\\node.exe" "c:\\Program Files\\nodejs\\node_modules\\npm\\bin\\npm-cli.js" "version" "1.4.0"
10 error node v0.12.7
11 error npm  v2.11.3
12 error Error: Git working directory not clean.
12 error M build/ngConsole.js
12 error M demo/index.html
12 error M demo/js/app.js
12 error M demo/js/ngConsole.js
12 error M src/js/app.js
12 error M src/js/ngConsole.js
13 error If you need help, you may report this error at:
13 error     <https://github.com/npm/npm/issues>
14 verbose exit [ 1, true ]
